02.22.2025 11:08:41 | User Error | string to array conversion failed in task_dat_xml.model.php C:\Users\loren\webDevelopment\phpExcercises\mvc-mysql-crud\app\core\Model.php
02.22.2025 11:11:05 | User Error | string to array conversion failed in task_dat_xml.model.php C:\Users\loren\webDevelopment\phpExcercises\mvc-mysql-crud\app\core\Model.php
02.22.2025 11:11:59 | User Error | string to array conversion failed in task_dat_xml.model.php C:\Users\loren\webDevelopment\phpExcercises\mvc-mysql-crud\app\core\Model.php
02.22.2025 11:14:41 | User Error | string to array conversion failed in task_dat_xml.model.php C:\Users\loren\webDevelopment\phpExcercises\mvc-mysql-crud\app\core\Model.php
02.22.2025 11:15:29 | User Error | string to array conversion failed in task_dat_xml.model.php C:\Users\loren\webDevelopment\phpExcercises\mvc-mysql-crud\app\core\Model.php
02.22.2025 11:16:30 | User Error | string to array conversion failed in task_dat_xml.model.php C:\Users\loren\webDevelopment\phpExcercises\mvc-mysql-crud\app\core\Model.php
02.22.2025 11:49:49 | User Error | string to array conversion failed in task_dat_xml.model.php C:\Users\loren\webDevelopment\phpExcercises\mvc-mysql-crud\app\core\Model.php
02.22.2025 02:40:17 | User Error | Backup file 022225.xml could not be created C:\Users\loren\webDevelopment\phpExcercises\mvc-mysql-crud\app\models\task_data_mysql.model.php
02.22.2025 02:40:20 | User Error | Backup file 022225.xml could not be created C:\Users\loren\webDevelopment\phpExcercises\mvc-mysql-crud\app\models\task_data_mysql.model.php
02.22.2025 03:38:00 | User Error | You have an error in your SQL syntax; check the manual that corresponds to your MySQL server version for the right syntax to use near ',
            fourth appointment,
            2025-02-22,
            low,
 ' at line 2 C:\Users\loren\webDevelopment\phpExcercises\mvc-mysql-crud\app\models\task_data_mysql.model.php
02.22.2025 04:00:11 | User Error | You have an error in your SQL syntax; check the manual that corresponds to your MySQL server version for the right syntax to use near ')' at line 6 C:\Users\loren\webDevelopment\phpExcercises\mvc-mysql-crud\app\models\task_data_mysql.model.php
02.22.2025 04:01:41 | User Error | You have an error in your SQL syntax; check the manual that corresponds to your MySQL server version for the right syntax to use near ')' at line 6 C:\Users\loren\webDevelopment\phpExcercises\mvc-mysql-crud\app\models\task_data_mysql.model.php
02.22.2025 04:02:11 | User Error | You have an error in your SQL syntax; check the manual that corresponds to your MySQL server version for the right syntax to use near ')' at line 6 C:\Users\loren\webDevelopment\phpExcercises\mvc-mysql-crud\app\models\task_data_mysql.model.php
02.22.2025 04:03:18 | User Error | You have an error in your SQL syntax; check the manual that corresponds to your MySQL server version for the right syntax to use near ')' at line 6 C:\Users\loren\webDevelopment\phpExcercises\mvc-mysql-crud\app\models\task_data_mysql.model.php
02.22.2025 04:18:52 | User Error | Field 'taskid' doesn't have a default value C:\Users\loren\webDevelopment\phpExcercises\mvc-mysql-crud\app\models\task_data_mysql.model.php
02.22.2025 04:28:41 | User Error | Incorrect date value: '' for column 'taskduedate' at row 1 C:\Users\loren\webDevelopment\phpExcercises\mvc-mysql-crud\app\models\task_data_mysql.model.php
02.22.2025 04:41:18 | User Error | Incorrect date value: '' for column 'taskduedate' at row 1 C:\Users\loren\webDevelopment\phpExcercises\mvc-mysql-crud\app\models\task_data_mysql.model.php
02.22.2025 04:42:20 | User Error | Incorrect date value: '' for column 'taskduedate' at row 1 C:\Users\loren\webDevelopment\phpExcercises\mvc-mysql-crud\app\models\task_data_mysql.model.php
02.22.2025 04:42:37 | User Error | Incorrect date value: '' for column 'taskduedate' at row 1 C:\Users\loren\webDevelopment\phpExcercises\mvc-mysql-crud\app\models\task_data_mysql.model.php
02.22.2025 04:43:31 | User Error | Incorrect date value: '' for column 'taskduedate' at row 1 C:\Users\loren\webDevelopment\phpExcercises\mvc-mysql-crud\app\models\task_data_mysql.model.php
02.22.2025 04:43:49 | User Error | Incorrect date value: '' for column 'taskduedate' at row 1 C:\Users\loren\webDevelopment\phpExcercises\mvc-mysql-crud\app\models\task_data_mysql.model.php
02.22.2025 04:47:22 | User Error | Incorrect date value: '' for column 'taskduedate' at row 1 C:\Users\loren\webDevelopment\phpExcercises\mvc-mysql-crud\app\models\task_data_mysql.model.php
02.22.2025 04:47:49 | User Error | Incorrect date value: '' for column 'taskduedate' at row 1 C:\Users\loren\webDevelopment\phpExcercises\mvc-mysql-crud\app\models\task_data_mysql.model.php
02.22.2025 04:48:15 | User Error | Incorrect date value: '' for column 'taskduedate' at row 1 C:\Users\loren\webDevelopment\phpExcercises\mvc-mysql-crud\app\models\task_data_mysql.model.php
02.22.2025 04:48:31 | User Error | Incorrect date value: '' for column 'taskduedate' at row 1 C:\Users\loren\webDevelopment\phpExcercises\mvc-mysql-crud\app\models\task_data_mysql.model.php
02.22.2025 04:48:48 | User Error | Incorrect date value: '' for column 'taskduedate' at row 1 C:\Users\loren\webDevelopment\phpExcercises\mvc-mysql-crud\app\models\task_data_mysql.model.php
02.22.2025 04:49:07 | User Error | Incorrect date value: '' for column 'taskduedate' at row 1 C:\Users\loren\webDevelopment\phpExcercises\mvc-mysql-crud\app\models\task_data_mysql.model.php
02.22.2025 04:49:41 | User Error | Incorrect date value: '' for column 'taskduedate' at row 1 C:\Users\loren\webDevelopment\phpExcercises\mvc-mysql-crud\app\models\task_data_mysql.model.php
